[debug] [2024-02-09T05:07:45.763Z] ----------------------------------------------------------------------
[debug] [2024-02-09T05:07:45.765Z] Command:       /usr/bin/node /usr/bin/firebase init
[debug] [2024-02-09T05:07:45.765Z] CLI Version:   13.2.1
[debug] [2024-02-09T05:07:45.765Z] Platform:      linux
[debug] [2024-02-09T05:07:45.765Z] Node Version:  v21.6.1
[debug] [2024-02-09T05:07:45.766Z] Time:          Fri Feb 09 2024 09:07:45 GMT+0400 (Самарское стандартное время)
[debug] [2024-02-09T05:07:45.766Z] ----------------------------------------------------------------------
[debug] 
[debug] [2024-02-09T05:07:45.770Z] > command requires scopes: ["email","openid","https://www.googleapis.com/auth/cloudplatformprojects.readonly","https://www.googleapis.com/auth/firebase","https://www.googleapis.com/auth/cloud-platform"]
[debug] [2024-02-09T05:07:45.770Z] > authorizing via signed-in user (miduwaystark@gmail.com)
[info] 
     ######## #### ########  ######## ########     ###     ######  ########
     ##        ##  ##     ## ##       ##     ##  ##   ##  ##       ##
     ######    ##  ########  ######   ########  #########  ######  ######
     ##        ##  ##    ##  ##       ##     ## ##     ##       ## ##
     ##       #### ##     ## ######## ########  ##     ##  ######  ########

You're about to initialize a Firebase project in this directory:

  /home/levis/coding/words/words

[info] 
=== Project Setup
[info] 
[info] First, let's associate this project directory with a Firebase project.
[info] You can create multiple project aliases by running firebase use --add, 
[info] but for now we'll just set up a default project.
[info] 
[debug] [2024-02-09T05:08:36.571Z] > refreshing access token with scopes: []
[debug] [2024-02-09T05:08:36.573Z] >>> [apiv2][query] POST https://www.googleapis.com/oauth2/v3/token [none]
[debug] [2024-02-09T05:08:36.574Z] >>> [apiv2][body] POST https://www.googleapis.com/oauth2/v3/token [omitted]
[debug] [2024-02-09T05:08:36.721Z] <<< [apiv2][status] POST https://www.googleapis.com/oauth2/v3/token 200
[debug] [2024-02-09T05:08:36.721Z] <<< [apiv2][body] POST https://www.googleapis.com/oauth2/v3/token [omitted]
[debug] [2024-02-09T05:08:36.739Z] >>> [apiv2][query] GET https://firebase.googleapis.com/v1beta1/projects pageSize=100
[debug] [2024-02-09T05:08:37.247Z] <<< [apiv2][status] GET https://firebase.googleapis.com/v1beta1/projects 200
[debug] [2024-02-09T05:08:37.247Z] <<< [apiv2][body] GET https://firebase.googleapis.com/v1beta1/projects [omitted]
[info] i  Using project words-tt (words-tt) 
[info] 
=== Firestore Setup
[debug] [2024-02-09T05:08:40.080Z] >>> [apiv2][query] GET https://serviceusage.googleapis.com/v1/projects/words-tt/services/firestore.googleapis.com [none]
[debug] [2024-02-09T05:08:40.080Z] >>> [apiv2][(partial)header] GET https://serviceusage.googleapis.com/v1/projects/words-tt/services/firestore.googleapis.com x-goog-quota-user=projects/words-tt
[debug] [2024-02-09T05:08:41.365Z] <<< [apiv2][status] GET https://serviceusage.googleapis.com/v1/projects/words-tt/services/firestore.googleapis.com 200
[debug] [2024-02-09T05:08:41.365Z] <<< [apiv2][body] GET https://serviceusage.googleapis.com/v1/projects/words-tt/services/firestore.googleapis.com [omitted]
[debug] [2024-02-09T05:08:41.366Z] >>> [apiv2][query] GET https://firestore.googleapis.com/v1/projects/words-tt/databases/(default) [none]
[debug] [2024-02-09T05:08:41.703Z] <<< [apiv2][status] GET https://firestore.googleapis.com/v1/projects/words-tt/databases/(default) 200
[debug] [2024-02-09T05:08:41.703Z] <<< [apiv2][body] GET https://firestore.googleapis.com/v1/projects/words-tt/databases/(default) {"name":"projects/words-tt/databases/(default)","uid":"bdbc8d73-b59a-4694-adef-0a1c3cfdf89a","createTime":"2024-02-08T15:54:05.539150Z","updateTime":"2024-02-08T15:54:05.539150Z","locationId":"eur3","type":"FIRESTORE_NATIVE","concurrencyMode":"PESSIMISTIC","versionRetentionPeriod":"3600s","earliestVersionTime":"2024-02-09T04:13:13.750209Z","appEngineIntegrationMode":"DISABLED","keyPrefix":"e","pointInTimeRecoveryEnablement":"POINT_IN_TIME_RECOVERY_DISABLED","deleteProtectionState":"DELETE_PROTECTION_DISABLED","etag":"IOC4iuG/nYQDMIii0bGNnIQD"}
[debug] [2024-02-09T05:08:41.704Z] database_type: FIRESTORE_NATIVE
[debug] [2024-02-09T05:08:41.704Z] > command requires scopes: ["email","openid","https://www.googleapis.com/auth/cloudplatformprojects.readonly","https://www.googleapis.com/auth/firebase","https://www.googleapis.com/auth/cloud-platform"]
[debug] [2024-02-09T05:08:41.704Z] > authorizing via signed-in user (miduwaystark@gmail.com)
[debug] [2024-02-09T05:08:41.704Z] [iam] checking project words-tt for permissions ["firebase.projects.get"]
[debug] [2024-02-09T05:08:41.704Z] >>> [apiv2][query] POST https://cloudresourcemanager.googleapis.com/v1/projects/words-tt:testIamPermissions [none]
[debug] [2024-02-09T05:08:41.704Z] >>> [apiv2][(partial)header] POST https://cloudresourcemanager.googleapis.com/v1/projects/words-tt:testIamPermissions x-goog-quota-user=projects/words-tt
[debug] [2024-02-09T05:08:41.704Z] >>> [apiv2][body] POST https://cloudresourcemanager.googleapis.com/v1/projects/words-tt:testIamPermissions {"permissions":["firebase.projects.get"]}
[debug] [2024-02-09T05:08:42.587Z] <<< [apiv2][status] POST https://cloudresourcemanager.googleapis.com/v1/projects/words-tt:testIamPermissions 200
[debug] [2024-02-09T05:08:42.587Z] <<< [apiv2][body] POST https://cloudresourcemanager.googleapis.com/v1/projects/words-tt:testIamPermissions {"permissions":["firebase.projects.get"]}
[info] 
[info] Firestore Security Rules allow you to define how and when to allow
[info] requests. You can keep these rules in your project directory
[info] and publish them with firebase deploy.
[info] 
[debug] [2024-02-09T05:08:44.937Z] >>> [apiv2][query] GET https://firebaserules.googleapis.com/v1/projects/words-tt/releases pageSize=10&pageToken=
[debug] [2024-02-09T05:08:45.903Z] <<< [apiv2][status] GET https://firebaserules.googleapis.com/v1/projects/words-tt/releases 200
[debug] [2024-02-09T05:08:45.903Z] <<< [apiv2][body] GET https://firebaserules.googleapis.com/v1/projects/words-tt/releases {"releases":[{"name":"projects/words-tt/releases/cloud.firestore","rulesetName":"projects/words-tt/rulesets/d6793721-70e0-46df-ae5d-e885028ec75f","createTime":"2024-02-08T15:54:15.152762Z","updateTime":"2024-02-08T15:54:15.152762Z"}]}
[debug] [2024-02-09T05:08:45.903Z] Found ruleset: projects/words-tt/rulesets/d6793721-70e0-46df-ae5d-e885028ec75f
[debug] [2024-02-09T05:08:45.903Z] >>> [apiv2][query] GET https://firebaserules.googleapis.com/v1/projects/words-tt/rulesets/d6793721-70e0-46df-ae5d-e885028ec75f [none]
[debug] [2024-02-09T05:08:46.134Z] <<< [apiv2][status] GET https://firebaserules.googleapis.com/v1/projects/words-tt/rulesets/d6793721-70e0-46df-ae5d-e885028ec75f 200
[debug] [2024-02-09T05:08:46.134Z] <<< [apiv2][body] GET https://firebaserules.googleapis.com/v1/projects/words-tt/rulesets/d6793721-70e0-46df-ae5d-e885028ec75f [omitted]
[info] 
[info] Firestore indexes allow you to perform complex queries while
[info] maintaining performance that scales with the size of the result
[info] set. You can keep index definitions in your project directory
[info] and publish them with firebase deploy.
[info] 
[debug] [2024-02-09T05:08:47.202Z] >>> [apiv2][query] GET https://firestore.googleapis.com/v1/projects/words-tt/databases/(default)/collectionGroups/-/indexes [none]
[debug] [2024-02-09T05:08:47.204Z] >>> [apiv2][query] GET https://firestore.googleapis.com/v1/projects/words-tt/databases/(default)/collectionGroups/-/fields?filter=indexConfig.usesAncestorConfig=false OR ttlConfig:* [none]
[debug] [2024-02-09T05:08:47.540Z] <<< [apiv2][status] GET https://firestore.googleapis.com/v1/projects/words-tt/databases/(default)/collectionGroups/-/fields?filter=indexConfig.usesAncestorConfig=false OR ttlConfig:* 200
[debug] [2024-02-09T05:08:47.540Z] <<< [apiv2][body] GET https://firestore.googleapis.com/v1/projects/words-tt/databases/(default)/collectionGroups/-/fields?filter=indexConfig.usesAncestorConfig=false OR ttlConfig:* {"fields":[{"name":"projects/words-tt/databases/(default)/collectionGroups/__default__/fields/*","indexConfig":{"indexes":[{"queryScope":"COLLECTION","fields":[{"fieldPath":"*","order":"ASCENDING"}],"state":"READY"},{"queryScope":"COLLECTION","fields":[{"fieldPath":"*","order":"DESCENDING"}],"state":"READY"},{"queryScope":"COLLECTION","fields":[{"fieldPath":"*","arrayConfig":"CONTAINS"}],"state":"READY"}]}}]}
[debug] [2024-02-09T05:08:47.540Z] <<< [apiv2][status] GET https://firestore.googleapis.com/v1/projects/words-tt/databases/(default)/collectionGroups/-/indexes 200
[debug] [2024-02-09T05:08:47.540Z] <<< [apiv2][body] GET https://firestore.googleapis.com/v1/projects/words-tt/databases/(default)/collectionGroups/-/indexes {}
[info] 
=== Hosting Setup
[debug] [2024-02-09T05:08:47.550Z] >>> [apiv2][query] GET https://firebase.googleapis.com/v1beta1/projects/words-tt [none]
[debug] [2024-02-09T05:08:47.841Z] <<< [apiv2][status] GET https://firebase.googleapis.com/v1beta1/projects/words-tt 200
[debug] [2024-02-09T05:08:47.841Z] <<< [apiv2][body] GET https://firebase.googleapis.com/v1beta1/projects/words-tt {"projectId":"words-tt","projectNumber":"964555550619","displayName":"words-tt","name":"projects/words-tt","resources":{"hostingSite":"words-tt"},"state":"ACTIVE","etag":"1_c61a2867-92d3-466e-880a-f25aaf935d02"}
[info] 
[info] Your public directory is the folder (relative to your project directory) that
[info] will contain Hosting assets to be uploaded with firebase deploy. If you
[info] have a build process for your assets, use your build's output directory.
[info] 
[debug] [2024-02-09T05:09:00.742Z] >>> [apiv2][query] GET https://www.gstatic.com/firebasejs/releases.json [none]
[debug] [2024-02-09T05:09:00.852Z] <<< [apiv2][status] GET https://www.gstatic.com/firebasejs/releases.json 200
[debug] [2024-02-09T05:09:00.852Z] <<< [apiv2][body] GET https://www.gstatic.com/firebasejs/releases.json {"current":{"version":"10.8.0","browserURL":"https://www.gstatic.com/firebasejs/10.8.0/firebase.js","packageURL":"https://www.gstatic.com/firebasejs/10.8.0/firebase.tgz"},"live":{"version":"10.8","browserURL":"https://www.gstatic.com/firebasejs/live/10.8/firebase.js","packageURL":"https://www.gstatic.com/firebasejs/live/10.8/firebase.tgz"},"components":{"analytics":"https://www.gstatic.com/firebasejs/10.8.0/firebase-analytics.js","app":"https://www.gstatic.com/firebasejs/10.8.0/firebase-app.js","app-check":"https://www.gstatic.com/firebasejs/10.8.0/firebase-app-check.js","auth":"https://www.gstatic.com/firebasejs/10.8.0/firebase-auth.js","auth/cordova":"https://www.gstatic.com/firebasejs/10.8.0/firebase-auth/cordova.js","auth/web-extension":"https://www.gstatic.com/firebasejs/10.8.0/firebase-auth/web-extension.js","functions":"https://www.gstatic.com/firebasejs/10.8.0/firebase-functions.js","firestore":"https://www.gstatic.com/firebasejs/10.8.0/firebase-firestore.js","firestore/lite":"https://www.gstatic.com/firebasejs/10.8.0/firebase-firestore/lite.js","installations":"https://www.gstatic.com/firebasejs/10.8.0/firebase-installations.js","storage":"https://www.gstatic.com/firebasejs/10.8.0/firebase-storage.js","performance":"https://www.gstatic.com/firebasejs/10.8.0/firebase-performance.js","remote-config":"https://www.gstatic.com/firebasejs/10.8.0/firebase-remote-config.js","messaging":"https://www.gstatic.com/firebasejs/10.8.0/firebase-messaging.js","messaging/sw":"https://www.gstatic.com/firebasejs/10.8.0/firebase-messaging/sw.js","database":"https://www.gstatic.com/firebasejs/10.8.0/firebase-database.js","firestore.memory":"https://www.gstatic.com/firebasejs/10.8.0/firebase-firestore.memory.js"}}
[info] ✔  Wrote public/index.html 
[info] 
[info] i  Detected a .git folder at /home/levis/coding/words/words 
[info] i  Authorizing with GitHub to upload your service account to a GitHub repository's secrets store. 
[info] 
[info] Visit this URL on this device to log in:
[info] https://github.com/login/oauth/authorize?client_id=89cf50f02ac6aaed3484&state=864429224&redirect_uri=http%3A%2F%2Flocalhost%3A9005&scope=read%3Auser%20repo%20public_repo
[info] 
[info] Waiting for authentication...
[debug] [2024-02-09T05:09:24.209Z] >>> [apiv2][query] POST https://github.com/login/oauth/access_token [none]
[debug] [2024-02-09T05:09:24.209Z] >>> [apiv2][body] POST https://github.com/login/oauth/access_token [stream]
[debug] [2024-02-09T05:09:24.570Z] <<< [apiv2][status] POST https://github.com/login/oauth/access_token 200
[debug] [2024-02-09T05:09:24.570Z] <<< [apiv2][body] POST https://github.com/login/oauth/access_token {"access_token":"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","token_type":"bearer","scope":"read:user,repo"}
[debug] [2024-02-09T05:09:24.581Z] >>> [apiv2][query] GET https://api.github.com/user [none]
[debug] [2024-02-09T05:09:24.961Z] <<< [apiv2][status] GET https://api.github.com/user 200
[debug] [2024-02-09T05:09:24.961Z] <<< [apiv2][body] GET https://api.github.com/user {"login":"ligmanstark","id":57450873,"node_id":"MDQ6VXNlcjU3NDUwODcz","avatar_url":"https://avatars.githubusercontent.com/u/57450873?v=4","gravatar_id":"","url":"https://api.github.com/users/ligmanstark","html_url":"https://github.com/ligmanstark","followers_url":"https://api.github.com/users/ligmanstark/followers","following_url":"https://api.github.com/users/ligmanstark/following{/other_user}","gists_url":"https://api.github.com/users/ligmanstark/gists{/gist_id}","starred_url":"https://api.github.com/users/ligmanstark/starred{/owner}{/repo}","subscriptions_url":"https://api.github.com/users/ligmanstark/subscriptions","organizations_url":"https://api.github.com/users/ligmanstark/orgs","repos_url":"https://api.github.com/users/ligmanstark/repos","events_url":"https://api.github.com/users/ligmanstark/events{/privacy}","received_events_url":"https://api.github.com/users/ligmanstark/received_events","type":"User","site_admin":false,"name":"miduway2010","company":null,"blog":"","location":"Izhevsk","email":null,"hireable":null,"bio":"beginner frontend developer","twitter_username":null,"public_repos":15,"public_gists":0,"followers":2,"following":4,"created_at":"2019-11-06T15:29:18Z","updated_at":"2024-02-03T07:16:02Z","private_gists":0,"total_private_repos":15,"owned_private_repos":15,"disk_usage":138740,"collaborators":0,"two_factor_authentication":false,"plan":{"name":"free","space":976562499,"collaborators":0,"private_repos":10000}}
[info] 
[info] ✔  Success! Logged into GitHub as ligmanstark 
[info] 
[debug] [2024-02-09T05:11:18.356Z] >>> [apiv2][query] GET https://api.github.com/repos//actions/secrets/public-key type=owner
[debug] [2024-02-09T05:11:18.654Z] <<< [apiv2][status] GET https://api.github.com/repos//actions/secrets/public-key 404
[debug] [2024-02-09T05:11:18.654Z] <<< [apiv2][body] GET https://api.github.com/repos//actions/secrets/public-key {"message":"Not Found","documentation_url":"https://docs.github.com/rest"}
[info] 
[info] 
[error] ⚠  The provided authorization cannot be used with this repository. If this repository is in an organization, did you remember to grant access? 
[info] 
[info] i  Action required: Visit this URL to ensure access has been granted to the appropriate organization(s) for the Firebase CLI GitHub OAuth App: 
[info] https://github.com/settings/connections/applications/89cf50f02ac6aaed3484
[info] 
[debug] [2024-02-09T05:11:21.471Z] >>> [apiv2][query] GET https://api.github.com/repos//actions/secrets/public-key type=owner
[debug] [2024-02-09T05:11:21.651Z] <<< [apiv2][status] GET https://api.github.com/repos//actions/secrets/public-key 404
[debug] [2024-02-09T05:11:21.651Z] <<< [apiv2][body] GET https://api.github.com/repos//actions/secrets/public-key {"message":"Not Found","documentation_url":"https://docs.github.com/rest"}
[info] 
[info] 
[error] ⚠  The provided authorization cannot be used with this repository. If this repository is in an organization, did you remember to grant access? 
[info] 
[info] i  Action required: Visit this URL to ensure access has been granted to the appropriate organization(s) for the Firebase CLI GitHub OAuth App: 
[info] https://github.com/settings/connections/applications/89cf50f02ac6aaed3484
[info] 
[debug] [2024-02-09T05:11:43.577Z] >>> [apiv2][query] GET https://api.github.com/repos/ligmanstark/words-tt/actions/secrets/public-key type=owner
[debug] [2024-02-09T05:11:43.893Z] <<< [apiv2][status] GET https://api.github.com/repos/ligmanstark/words-tt/actions/secrets/public-key 404
[debug] [2024-02-09T05:11:43.893Z] <<< [apiv2][body] GET https://api.github.com/repos/ligmanstark/words-tt/actions/secrets/public-key {"message":"Not Found","documentation_url":"https://docs.github.com/rest/actions/secrets#get-a-repository-public-key"}
[info] 
[info] 
[error] ⚠  The provided authorization cannot be used with this repository. If this repository is in an organization, did you remember to grant access? 
[info] 
[info] i  Action required: Visit this URL to ensure access has been granted to the appropriate organization(s) for the Firebase CLI GitHub OAuth App: 
[info] https://github.com/settings/connections/applications/89cf50f02ac6aaed3484
[info] 
